2026-07-21 14:05:42 - INFO - pytest 配置完成，环境: dev
2026-07-21 14:05:42 - INFO - 开始载入数据
2026-07-21 14:05:42 - INFO - 载入数据成功：[['00001', 'lihua', [90, 80, 85], 85.0, 'B']]
2026-07-21 14:05:42 - INFO - 开始载入数据
2026-07-21 14:05:42 - INFO - 载入数据成功：[['00001', 'lihua', [90, 80, 85], 85.0, 'B']]
2026-07-21 14:05:42 - INFO - 开始载入数据
2026-07-21 14:05:42 - INFO - 载入数据成功：[['00001', 'lihua', [90, 80, 85], 85.0, 'B']]
2026-07-21 14:05:42 - INFO - 收集测试用例: 共 3 个
2026-07-21 14:05:42 - INFO - ============================================================
2026-07-21 14:05:42 - INFO - 测试会话开始
2026-07-21 14:05:42 - INFO - ============================================================
2026-07-21 14:05:42 - INFO - 测试环境: dev
2026-07-21 14:05:42 - INFO - 快速模式: False
2026-07-21 14:05:42 - INFO - 重试次数: 0
2026-07-21 14:05:42 - INFO - API超时: 30秒
2026-07-21 14:05:42 - INFO - 日志级别: INFO
2026-07-21 14:05:42 - INFO - ------------------------------------------------------------
2026-07-21 14:05:42 - INFO - 
[开始测试] TestStudent.test_student_add_score[00001-lihua-scores0-85.0-B]
2026-07-21 14:05:42 - INFO - 开始测试student.add_score: 00001,lihua,[90, 80, 85],85.0,B
2026-07-21 14:05:42 - INFO - 成功添加成绩：85
2026-07-21 14:05:42 - INFO - 添加新分数:85
2026-07-21 14:05:42 - INFO - 测试通过，预期结果：[90, 80, 85, 85], 实际结果: [90, 80, 85, 85]
2026-07-21 14:05:42 - INFO - 
[结束测试] TestStudent.test_student_add_score[00001-lihua-scores0-85.0-B]，耗时: 0.001秒
2026-07-21 14:05:42 - INFO - ----------------------------------------
2026-07-21 14:05:42 - INFO - 
[开始测试] TestStudent.test_student_get_average[00001-lihua-scores0-85.0-B]
2026-07-21 14:05:42 - INFO - 开始测试student.add_score: 00001,lihua,[90, 80, 85],85.0,B
2026-07-21 14:05:42 - INFO - 平均成绩：85.0
2026-07-21 14:05:42 - INFO - 平均成绩：85.0
2026-07-21 14:05:42 - INFO - 测试通过，预期结果：85.0, 实际结果: 85.0
2026-07-21 14:05:42 - INFO - 
[结束测试] TestStudent.test_student_get_average[00001-lihua-scores0-85.0-B]，耗时: 0.001秒
2026-07-21 14:05:42 - INFO - ----------------------------------------
2026-07-21 14:05:42 - INFO - 
[开始测试] TestStudent.test_student_get_grade[00001-lihua-scores0-85.0-B]
2026-07-21 14:05:42 - INFO - 开始测试student.add_score: 00001,lihua,[90, 80, 85],85.0,B
2026-07-21 14:05:42 - INFO - 平均成绩：85.0
2026-07-21 14:05:42 - INFO - 当前平均分：85.0,等级 B
2026-07-21 14:05:42 - INFO - 平均成绩：85.0
2026-07-21 14:05:42 - INFO - 当前平均分：85.0,等级 B
2026-07-21 14:05:42 - INFO - 测试通过，预期结果：B, 实际结果: B
2026-07-21 14:05:42 - INFO - 
[结束测试] TestStudent.test_student_get_grade[00001-lihua-scores0-85.0-B]，耗时: 0.001秒
2026-07-21 14:05:42 - INFO - ----------------------------------------
2026-07-21 14:05:42 - INFO - ============================================================
2026-07-21 14:05:42 - INFO - 测试会话结束
2026-07-21 14:05:42 - INFO - ============================================================
