2026-07-15 11:26:09 - INFO - 开始运行系统
2026-07-15 11:26:09 - INFO - 欢迎使用本系统！
2026-07-15 11:26:09 - INFO - 开始载入数据
2026-07-15 11:26:09 - INFO - 开始实例化对象
2026-07-15 11:26:09 - INFO - 实例化对象 id = 1, name = lihua, age = 18 成功！
2026-07-15 11:26:09 - INFO - 开始实例化对象
2026-07-15 11:26:09 - INFO - 实例化对象 id = 2, name = xiaoming, age = 20 成功！
2026-07-15 11:26:09 - INFO - 开始实例化对象
2026-07-15 11:26:09 - INFO - 实例化对象 id = 3, name = xiaohong, age = 23 成功！
2026-07-15 11:26:09 - INFO - 载入数据成功：[<Student.Student object at 0x0000023FB64C3AC0>, <Student.Student object at 0x0000023FB6A10880>, <Student.Student object at 0x0000023FB6A10250>]
2026-07-15 11:26:12 - INFO - 开始添加学生信息
2026-07-15 11:26:33 - INFO - 开始实例化对象
2026-07-15 11:26:33 - INFO - 实例化对象 id = 4, name = john, age = 20 成功！
2026-07-15 11:26:33 - INFO - 成功添加第1条学生信息：id=4 name=john age=20
2026-07-15 11:26:33 - INFO - 成功新增 1 条学生信息！
2026-07-15 11:26:33 - INFO - 开始保存数据
2026-07-15 11:26:33 - INFO - 开始执行转换为字典操作
2026-07-15 11:26:33 - INFO - 转换成功：{'id': 1, 'name': 'lihua', 'age': 18}
2026-07-15 11:26:33 - INFO - 开始执行转换为字典操作
2026-07-15 11:26:33 - INFO - 转换成功：{'id': 2, 'name': 'xiaoming', 'age': 20}
2026-07-15 11:26:33 - INFO - 开始执行转换为字典操作
2026-07-15 11:26:33 - INFO - 转换成功：{'id': 3, 'name': 'xiaohong', 'age': 23}
2026-07-15 11:26:33 - INFO - 开始执行转换为字典操作
2026-07-15 11:26:33 - INFO - 转换成功：{'id': 4, 'name': 'john', 'age': 20}
2026-07-15 11:26:33 - INFO - 保存数据成功：[{'id': 1, 'name': 'lihua', 'age': 18}, {'id': 2, 'name': 'xiaoming', 'age': 20}, {'id': 3, 'name': 'xiaohong', 'age': 23}, {'id': 4, 'name': 'john', 'age': 20}]
2026-07-15 11:26:38 - INFO - 感谢使用本系统，再见！
2026-07-15 11:26:38 - INFO - 开始保存数据
2026-07-15 11:26:38 - INFO - 开始执行转换为字典操作
2026-07-15 11:26:38 - INFO - 转换成功：{'id': 1, 'name': 'lihua', 'age': 18}
2026-07-15 11:26:38 - INFO - 开始执行转换为字典操作
2026-07-15 11:26:38 - INFO - 转换成功：{'id': 2, 'name': 'xiaoming', 'age': 20}
2026-07-15 11:26:38 - INFO - 开始执行转换为字典操作
2026-07-15 11:26:38 - INFO - 转换成功：{'id': 3, 'name': 'xiaohong', 'age': 23}
2026-07-15 11:26:38 - INFO - 开始执行转换为字典操作
2026-07-15 11:26:38 - INFO - 转换成功：{'id': 4, 'name': 'john', 'age': 20}
2026-07-15 11:26:38 - INFO - 保存数据成功：[{'id': 1, 'name': 'lihua', 'age': 18}, {'id': 2, 'name': 'xiaoming', 'age': 20}, {'id': 3, 'name': 'xiaohong', 'age': 23}, {'id': 4, 'name': 'john', 'age': 20}]
2026-07-15 11:26:38 - INFO - 系统运行结束
2026-07-15 11:46:34 - INFO - 开始运行系统
2026-07-15 11:46:34 - INFO - 欢迎使用本系统！
2026-07-15 11:46:34 - INFO - 开始载入数据
2026-07-15 11:46:34 - INFO - 开始实例化对象
2026-07-15 11:46:34 - INFO - 实例化对象 id = 1, name = lihua, age = 18 成功！
2026-07-15 11:46:34 - INFO - 开始实例化对象
2026-07-15 11:46:34 - INFO - 实例化对象 id = 2, name = xiaoming, age = 20 成功！
2026-07-15 11:46:34 - INFO - 开始实例化对象
2026-07-15 11:46:34 - INFO - 实例化对象 id = 3, name = xiaohong, age = 23 成功！
2026-07-15 11:46:34 - INFO - 开始实例化对象
2026-07-15 11:46:34 - INFO - 实例化对象 id = 4, name = john, age = 20 成功！
2026-07-15 11:46:34 - INFO - 载入数据成功：[<Student.Student object at 0x0000026E4E0B1360>, <Student.Student object at 0x0000026E4E0D9AE0>, <Student.Student object at 0x0000026E4E0D9DB0>, <Student.Student object at 0x0000026E4E0D9A50>]
2026-07-15 11:46:40 - INFO - 开始查询所有学生信息
2026-07-15 11:46:40 - INFO - 已查到所有学生信息，如下表：
2026-07-15 11:46:40 - INFO - 编号     姓名         年龄  
2026-07-15 11:46:40 - INFO - 1      lihua      18  
2026-07-15 11:46:40 - INFO - 2      xiaoming   20  
2026-07-15 11:46:40 - INFO - 3      xiaohong   23  
2026-07-15 11:46:40 - INFO - 4      john       20  
2026-07-15 11:46:45 - INFO - 开始添加学生信息
2026-07-15 11:47:10 - INFO - 开始实例化对象
2026-07-15 11:47:10 - INFO - 实例化对象 id = 5, name = wwqy, age = 15 成功！
2026-07-15 11:47:10 - INFO - 成功添加第1条学生信息：id=5 name=wwqy age=15
2026-07-15 11:47:10 - INFO - 成功新增 1 条学生信息！
2026-07-15 11:47:10 - INFO - 开始保存数据
2026-07-15 11:47:11 - INFO - 开始执行转换为字典操作
2026-07-15 11:47:11 - INFO - 转换成功：{'id': 1, 'name': 'lihua', 'age': 18}
2026-07-15 11:47:11 - INFO - 开始执行转换为字典操作
2026-07-15 11:47:11 - INFO - 转换成功：{'id': 2, 'name': 'xiaoming', 'age': 20}
2026-07-15 11:47:11 - INFO - 开始执行转换为字典操作
2026-07-15 11:47:11 - INFO - 转换成功：{'id': 3, 'name': 'xiaohong', 'age': 23}
2026-07-15 11:47:11 - INFO - 开始执行转换为字典操作
2026-07-15 11:47:11 - INFO - 转换成功：{'id': 4, 'name': 'john', 'age': 20}
2026-07-15 11:47:11 - INFO - 开始执行转换为字典操作
2026-07-15 11:47:11 - INFO - 转换成功：{'id': 5, 'name': 'wwqy', 'age': 15}
2026-07-15 11:47:11 - INFO - 保存数据成功：[{'id': 1, 'name': 'lihua', 'age': 18}, {'id': 2, 'name': 'xiaoming', 'age': 20}, {'id': 3, 'name': 'xiaohong', 'age': 23}, {'id': 4, 'name': 'john', 'age': 20}, {'id': 5, 'name': 'wwqy', 'age': 15}]
2026-07-15 11:47:13 - INFO - 开始查询所有学生信息
2026-07-15 11:47:13 - INFO - 已查到所有学生信息，如下表：
2026-07-15 11:47:13 - INFO - 编号     姓名         年龄  
2026-07-15 11:47:13 - INFO - 1      lihua      18  
2026-07-15 11:47:13 - INFO - 2      xiaoming   20  
2026-07-15 11:47:13 - INFO - 3      xiaohong   23  
2026-07-15 11:47:13 - INFO - 4      john       20  
2026-07-15 11:47:13 - INFO - 5      wwqy       15  
2026-07-15 11:47:23 - INFO - 开始打印菜单
2026-07-15 11:47:23 - INFO - 成功打印菜单
2026-07-15 11:47:33 - ERROR - 无效操作: 7 
 NoneType: None

2026-07-15 11:47:42 - INFO - 感谢使用本系统，再见！
2026-07-15 11:47:42 - INFO - 开始保存数据
2026-07-15 11:47:42 - INFO - 开始执行转换为字典操作
2026-07-15 11:47:42 - INFO - 转换成功：{'id': 1, 'name': 'lihua', 'age': 18}
2026-07-15 11:47:42 - INFO - 开始执行转换为字典操作
2026-07-15 11:47:42 - INFO - 转换成功：{'id': 2, 'name': 'xiaoming', 'age': 20}
2026-07-15 11:47:42 - INFO - 开始执行转换为字典操作
2026-07-15 11:47:42 - INFO - 转换成功：{'id': 3, 'name': 'xiaohong', 'age': 23}
2026-07-15 11:47:42 - INFO - 开始执行转换为字典操作
2026-07-15 11:47:42 - INFO - 转换成功：{'id': 4, 'name': 'john', 'age': 20}
2026-07-15 11:47:42 - INFO - 开始执行转换为字典操作
2026-07-15 11:47:42 - INFO - 转换成功：{'id': 5, 'name': 'wwqy', 'age': 15}
2026-07-15 11:47:42 - INFO - 保存数据成功：[{'id': 1, 'name': 'lihua', 'age': 18}, {'id': 2, 'name': 'xiaoming', 'age': 20}, {'id': 3, 'name': 'xiaohong', 'age': 23}, {'id': 4, 'name': 'john', 'age': 20}, {'id': 5, 'name': 'wwqy', 'age': 15}]
2026-07-15 11:47:42 - INFO - 系统运行结束
2026-07-15 13:58:43 - INFO - 开始运行系统
2026-07-15 13:58:43 - INFO - 欢迎使用本系统！
2026-07-15 13:58:43 - INFO - 开始载入数据
2026-07-15 13:58:43 - INFO - 开始实例化对象
2026-07-15 13:58:43 - INFO - 实例化对象 id = 1, name = lihua, age = 18 成功！
2026-07-15 13:58:43 - INFO - 开始实例化对象
2026-07-15 13:58:43 - INFO - 实例化对象 id = 2, name = xiaoming, age = 20 成功！
2026-07-15 13:58:43 - INFO - 开始实例化对象
2026-07-15 13:58:43 - INFO - 实例化对象 id = 3, name = xiaohong, age = 23 成功！
2026-07-15 13:58:43 - INFO - 开始实例化对象
2026-07-15 13:58:43 - INFO - 实例化对象 id = 4, name = john, age = 20 成功！
2026-07-15 13:58:43 - INFO - 开始实例化对象
2026-07-15 13:58:43 - INFO - 实例化对象 id = 5, name = wwqy, age = 15 成功！
2026-07-15 13:58:43 - INFO - 载入数据成功：[<Student.Student object at 0x0000020A02603AC0>, <Student.Student object at 0x0000020A02B50880>, <Student.Student object at 0x0000020A02B50250>, <Student.Student object at 0x0000020A02B501F0>, <Student.Student object at 0x0000020A02B50190>]
2026-07-15 13:58:50 - INFO - 开始查询所有学生信息
2026-07-15 13:58:50 - INFO - 已查到所有学生信息，如下表：
2026-07-15 13:58:50 - INFO - 编号     姓名         年龄  
2026-07-15 13:58:50 - INFO - 1      lihua      18  
2026-07-15 13:58:50 - INFO - 2      xiaoming   20  
2026-07-15 13:58:50 - INFO - 3      xiaohong   23  
2026-07-15 13:58:50 - INFO - 4      john       20  
2026-07-15 13:58:50 - INFO - 5      wwqy       15  
2026-07-15 13:58:55 - INFO - 开始统计数据条数
2026-07-15 13:58:55 - INFO - 成功统计到5条数据
2026-07-15 13:58:59 - INFO - 感谢使用本系统，再见！
2026-07-15 13:58:59 - INFO - 开始保存数据
2026-07-15 13:58:59 - INFO - 开始执行转换为字典操作
2026-07-15 13:58:59 - INFO - 转换成功：{'id': 1, 'name': 'lihua', 'age': 18}
2026-07-15 13:58:59 - INFO - 开始执行转换为字典操作
2026-07-15 13:58:59 - INFO - 转换成功：{'id': 2, 'name': 'xiaoming', 'age': 20}
2026-07-15 13:58:59 - INFO - 开始执行转换为字典操作
2026-07-15 13:58:59 - INFO - 转换成功：{'id': 3, 'name': 'xiaohong', 'age': 23}
2026-07-15 13:58:59 - INFO - 开始执行转换为字典操作
2026-07-15 13:58:59 - INFO - 转换成功：{'id': 4, 'name': 'john', 'age': 20}
2026-07-15 13:58:59 - INFO - 开始执行转换为字典操作
2026-07-15 13:58:59 - INFO - 转换成功：{'id': 5, 'name': 'wwqy', 'age': 15}
2026-07-15 13:58:59 - INFO - 保存数据成功：[{'id': 1, 'name': 'lihua', 'age': 18}, {'id': 2, 'name': 'xiaoming', 'age': 20}, {'id': 3, 'name': 'xiaohong', 'age': 23}, {'id': 4, 'name': 'john', 'age': 20}, {'id': 5, 'name': 'wwqy', 'age': 15}]
2026-07-15 13:58:59 - INFO - 系统运行结束
