2026-07-14 22:21:31 - INFO - 开始载入数据
2026-07-14 22:21:31 - INFO - 开始实例化对象
2026-07-14 22:21:31 - INFO - 实例化对象 id = 1, name = lihua, age = 18 成功！
2026-07-14 22:21:31 - INFO - 载入数据成功：[<assignment.StudentScoreSystem.Student.Student object at 0x000001DA5E6D23B0>]
2026-07-14 22:21:57 - INFO - 开始载入数据
2026-07-14 22:21:57 - INFO - 开始实例化对象
2026-07-14 22:21:57 - INFO - 实例化对象 id = 1, name = lihua, age = 18 成功！
2026-07-14 22:21:57 - INFO - 载入数据成功：[<assignment.StudentScoreSystem.Student.Student object at 0x0000020A21D768F0>]
2026-07-14 22:21:57 - INFO - 开始运行系统
2026-07-14 22:21:57 - INFO - 欢迎使用本系统！
2026-07-14 22:22:03 - INFO - 开始添加学生信息
2026-07-14 22:22:17 - INFO - 开始实例化对象
2026-07-14 22:22:17 - INFO - 实例化对象 id = 2, name = xiaoming, age = 20 成功！
2026-07-14 22:22:17 - INFO - 成功添加第1条学生信息：id=2 name=xiaoming age=20
2026-07-14 22:22:37 - INFO - 开始实例化对象
2026-07-14 22:22:37 - INFO - 实例化对象 id = 3, name = xiaohong, age = 23 成功！
2026-07-14 22:22:37 - INFO - 成功添加第2条学生信息：id=3 name=xiaohong age=23
2026-07-14 22:22:37 - INFO - 成功新增 2 条学生信息！
2026-07-14 22:22:37 - INFO - 开始保存数据
2026-07-14 22:22:37 - INFO - 开始执行转换为字典操作
2026-07-14 22:22:37 - INFO - 转换成功：{'id': 1, 'name': 'lihua', 'age': 18}
2026-07-14 22:22:37 - INFO - 开始执行转换为字典操作
2026-07-14 22:22:37 - INFO - 转换成功：{'id': 2, 'name': 'xiaoming', 'age': 20}
2026-07-14 22:22:37 - INFO - 开始执行转换为字典操作
2026-07-14 22:22:37 - INFO - 转换成功：{'id': 3, 'name': 'xiaohong', 'age': 23}
2026-07-14 22:22:37 - INFO - 保存数据成功：[{'id': 1, 'name': 'lihua', 'age': 18}, {'id': 2, 'name': 'xiaoming', 'age': 20}, {'id': 3, 'name': 'xiaohong', 'age': 23}]
2026-07-14 22:22:52 - INFO - 开始查询所有学生信息
2026-07-14 22:22:52 - INFO - 已查到所有学生信息，如下表：
2026-07-14 22:22:52 - INFO - 编号     姓名         年龄  
2026-07-14 22:22:52 - INFO - 1      lihua      18  
2026-07-14 22:22:52 - INFO - 2      xiaoming   20  
2026-07-14 22:22:52 - INFO - 3      xiaohong   23  
2026-07-14 22:22:59 - INFO - 感谢使用本系统，再见！
2026-07-14 22:22:59 - INFO - 开始保存数据
2026-07-14 22:22:59 - INFO - 开始执行转换为字典操作
2026-07-14 22:22:59 - INFO - 转换成功：{'id': 1, 'name': 'lihua', 'age': 18}
2026-07-14 22:22:59 - INFO - 开始执行转换为字典操作
2026-07-14 22:22:59 - INFO - 转换成功：{'id': 2, 'name': 'xiaoming', 'age': 20}
2026-07-14 22:22:59 - INFO - 开始执行转换为字典操作
2026-07-14 22:22:59 - INFO - 转换成功：{'id': 3, 'name': 'xiaohong', 'age': 23}
2026-07-14 22:22:59 - INFO - 保存数据成功：[{'id': 1, 'name': 'lihua', 'age': 18}, {'id': 2, 'name': 'xiaoming', 'age': 20}, {'id': 3, 'name': 'xiaohong', 'age': 23}]
2026-07-14 22:22:59 - INFO - 系统运行结束
